{"G:\\pj\\github\\xiaodangjia\\src\\stores\\appStore.ts": {"path":"G:\\pj\\github\\xiaodangjia\\src\\stores\\appStore.ts","statementMap":{"0":{"start":{"line":40,"column":13},"end":{"line":111,"column":null}},"1":{"start":{"line":40,"column":59},"end":{"line":111,"column":2}},"2":{"start":{"line":43,"column":29},"end":{"line":43,"column":null}},"3":{"start":{"line":44,"column":34},"end":{"line":44,"column":null}},"4":{"start":{"line":47,"column":27},"end":{"line":47,"column":null}},"5":{"start":{"line":48,"column":25},"end":{"line":50,"column":null}},"6":{"start":{"line":48,"column":41},"end":{"line":50,"column":4}},"7":{"start":{"line":51,"column":35},"end":{"line":55,"column":null}},"8":{"start":{"line":51,"column":51},"end":{"line":55,"column":4}},"9":{"start":{"line":53,"column":6},"end":{"line":53,"column":null}},"10":{"start":{"line":56,"column":26},"end":{"line":58,"column":null}},"11":{"start":{"line":56,"column":42},"end":{"line":58,"column":4}},"12":{"start":{"line":57,"column":45},"end":{"line":57,"column":56}},"13":{"start":{"line":61,"column":31},"end":{"line":61,"column":null}},"14":{"start":{"line":65,"column":20},"end":{"line":75,"column":null}},"15":{"start":{"line":67,"column":21},"end":{"line":67,"column":null}},"16":{"start":{"line":67,"column":48},"end":{"line":67,"column":71}},"17":{"start":{"line":68,"column":4},"end":{"line":70,"column":null}},"18":{"start":{"line":69,"column":6},"end":{"line":69,"column":null}},"19":{"start":{"line":71,"column":4},"end":{"line":74,"column":null}},"20":{"start":{"line":76,"column":20},"end":{"line":84,"column":null}},"21":{"start":{"line":77,"column":20},"end":{"line":77,"column":null}},"22":{"start":{"line":77,"column":49},"end":{"line":77,"column":60}},"23":{"start":{"line":78,"column":22},"end":{"line":78,"column":null}},"24":{"start":{"line":79,"column":4},"end":{"line":82,"column":null}},"25":{"start":{"line":80,"column":18},"end":{"line":80,"column":null}},"26":{"start":{"line":80,"column":50},"end":{"line":80,"column":61}},"27":{"start":{"line":81,"column":6},"end":{"line":81,"column":null}},"28":{"start":{"line":83,"column":4},"end":{"line":83,"column":null}},"29":{"start":{"line":85,"column":24},"end":{"line":85,"column":null}},"30":{"start":{"line":86,"column":30},"end":{"line":90,"column":null}},"31":{"start":{"line":86,"column":46},"end":{"line":90,"column":4}},"32":{"start":{"line":88,"column":6},"end":{"line":88,"column":null}},"33":{"start":{"line":93,"column":29},"end":{"line":93,"column":null}},"34":{"start":{"line":96,"column":31},"end":{"line":96,"column":null}},"35":{"start":{"line":99,"column":25},"end":{"line":99,"column":null}},"36":{"start":{"line":101,"column":29},"end":{"line":101,"column":null}},"37":{"start":{"line":104,"column":26},"end":{"line":104,"column":null}},"38":{"start":{"line":105,"column":4},"end":{"line":109,"column":null}},"39":{"start":{"line":107,"column":8},"end":{"line":107,"column":null}}},"fnMap":{"0":{"name":"(anonymous_0)","decl":{"start":{"line":40,"column":44},"end":{"line":40,"column":45}},"loc":{"start":{"line":40,"column":59},"end":{"line":111,"column":2}},"line":40},"1":{"name":"(anonymous_1)","decl":{"start":{"line":43,"column":15},"end":{"line":43,"column":16}},"loc":{"start":{"line":43,"column":29},"end":{"line":43,"column":null}},"line":43},"2":{"name":"(anonymous_2)","decl":{"start":{"line":44,"column":21},"end":{"line":44,"column":22}},"loc":{"start":{"line":44,"column":34},"end":{"line":44,"column":null}},"line":44},"3":{"name":"(anonymous_3)","decl":{"start":{"line":47,"column":16},"end":{"line":47,"column":17}},"loc":{"start":{"line":47,"column":27},"end":{"line":47,"column":null}},"line":47},"4":{"name":"(anonymous_4)","decl":{"start":{"line":48,"column":15},"end":{"line":48,"column":16}},"loc":{"start":{"line":48,"column":25},"end":{"line":50,"column":null}},"line":48},"5":{"name":"(anonymous_5)","decl":{"start":{"line":48,"column":29},"end":{"line":48,"column":30}},"loc":{"start":{"line":48,"column":41},"end":{"line":50,"column":4}},"line":48},"6":{"name":"(anonymous_6)","decl":{"start":{"line":51,"column":18},"end":{"line":51,"column":19}},"loc":{"start":{"line":51,"column":35},"end":{"line":55,"column":null}},"line":51},"7":{"name":"(anonymous_7)","decl":{"start":{"line":51,"column":39},"end":{"line":51,"column":40}},"loc":{"start":{"line":51,"column":51},"end":{"line":55,"column":4}},"line":51},"8":{"name":"(anonymous_8)","decl":{"start":{"line":52,"column":35},"end":{"line":52,"column":36}},"loc":{"start":{"line":53,"column":6},"end":{"line":53,"column":null}},"line":53},"9":{"name":"(anonymous_9)","decl":{"start":{"line":56,"column":18},"end":{"line":56,"column":19}},"loc":{"start":{"line":56,"column":26},"end":{"line":58,"column":null}},"line":56},"10":{"name":"(anonymous_10)","decl":{"start":{"line":56,"column":30},"end":{"line":56,"column":31}},"loc":{"start":{"line":56,"column":42},"end":{"line":58,"column":4}},"line":56},"11":{"name":"(anonymous_11)","decl":{"start":{"line":57,"column":38},"end":{"line":57,"column":39}},"loc":{"start":{"line":57,"column":45},"end":{"line":57,"column":56}},"line":57},"12":{"name":"(anonymous_12)","decl":{"start":{"line":61,"column":16},"end":{"line":61,"column":17}},"loc":{"start":{"line":61,"column":31},"end":{"line":61,"column":null}},"line":61},"13":{"name":"(anonymous_13)","decl":{"start":{"line":65,"column":11},"end":{"line":65,"column":12}},"loc":{"start":{"line":65,"column":20},"end":{"line":75,"column":null}},"line":65},"14":{"name":"(anonymous_14)","decl":{"start":{"line":65,"column":24},"end":{"line":65,"column":25}},"loc":{"start":{"line":65,"column":35},"end":{"line":75,"column":3}},"line":65},"15":{"name":"(anonymous_15)","decl":{"start":{"line":67,"column":41},"end":{"line":67,"column":42}},"loc":{"start":{"line":67,"column":48},"end":{"line":67,"column":71}},"line":67},"16":{"name":"(anonymous_16)","decl":{"start":{"line":76,"column":12},"end":{"line":76,"column":13}},"loc":{"start":{"line":76,"column":20},"end":{"line":84,"column":null}},"line":76},"17":{"name":"(anonymous_17)","decl":{"start":{"line":76,"column":24},"end":{"line":76,"column":25}},"loc":{"start":{"line":76,"column":35},"end":{"line":84,"column":3}},"line":76},"18":{"name":"(anonymous_18)","decl":{"start":{"line":77,"column":42},"end":{"line":77,"column":43}},"loc":{"start":{"line":77,"column":49},"end":{"line":77,"column":60}},"line":77},"19":{"name":"(anonymous_19)","decl":{"start":{"line":80,"column":43},"end":{"line":80,"column":44}},"loc":{"start":{"line":80,"column":50},"end":{"line":80,"column":61}},"line":80},"20":{"name":"(anonymous_20)","decl":{"start":{"line":85,"column":16},"end":{"line":85,"column":17}},"loc":{"start":{"line":85,"column":24},"end":{"line":85,"column":null}},"line":85},"21":{"name":"(anonymous_21)","decl":{"start":{"line":86,"column":13},"end":{"line":86,"column":14}},"loc":{"start":{"line":86,"column":30},"end":{"line":90,"column":null}},"line":86},"22":{"name":"(anonymous_22)","decl":{"start":{"line":86,"column":34},"end":{"line":86,"column":35}},"loc":{"start":{"line":86,"column":46},"end":{"line":90,"column":4}},"line":86},"23":{"name":"(anonymous_23)","decl":{"start":{"line":87,"column":33},"end":{"line":87,"column":34}},"loc":{"start":{"line":88,"column":6},"end":{"line":88,"column":null}},"line":88},"24":{"name":"(anonymous_24)","decl":{"start":{"line":93,"column":15},"end":{"line":93,"column":16}},"loc":{"start":{"line":93,"column":29},"end":{"line":93,"column":null}},"line":93},"25":{"name":"(anonymous_25)","decl":{"start":{"line":96,"column":22},"end":{"line":96,"column":23}},"loc":{"start":{"line":96,"column":31},"end":{"line":96,"column":null}},"line":96},"26":{"name":"(anonymous_26)","decl":{"start":{"line":99,"column":15},"end":{"line":99,"column":16}},"loc":{"start":{"line":99,"column":25},"end":{"line":99,"column":null}},"line":99},"27":{"name":"(anonymous_27)","decl":{"start":{"line":101,"column":16},"end":{"line":101,"column":17}},"loc":{"start":{"line":101,"column":29},"end":{"line":101,"column":null}},"line":101},"28":{"name":"(anonymous_28)","decl":{"start":{"line":103,"column":22},"end":{"line":103,"column":23}},"loc":{"start":{"line":103,"column":36},"end":{"line":110,"column":null}},"line":103},"29":{"name":"(anonymous_29)","decl":{"start":{"line":106,"column":31},"end":{"line":106,"column":32}},"loc":{"start":{"line":107,"column":8},"end":{"line":107,"column":null}},"line":107}},"branchMap":{"0":{"loc":{"start":{"line":53,"column":6},"end":{"line":53,"column":null}},"type":"cond-expr","locations":[{"start":{"line":53,"column":20},"end":{"line":53,"column":43}},{"start":{"line":53,"column":43},"end":{"line":53,"column":null}}],"line":53},"1":{"loc":{"start":{"line":68,"column":4},"end":{"line":70,"column":null}},"type":"if","locations":[{"start":{"line":68,"column":4},"end":{"line":70,"column":null}},{"start":{},"end":{}}],"line":68},"2":{"loc":{"start":{"line":79,"column":4},"end":{"line":82,"column":null}},"type":"if","locations":[{"start":{"line":79,"column":4},"end":{"line":82,"column":null}},{"start":{},"end":{}}],"line":79},"3":{"loc":{"start":{"line":81,"column":20},"end":{"line":81,"column":null}},"type":"binary-expr","locations":[{"start":{"line":81,"column":20},"end":{"line":81,"column":40}},{"start":{"line":81,"column":40},"end":{"line":81,"column":64}},{"start":{"line":81,"column":64},"end":{"line":81,"column":null}}],"line":81},"4":{"loc":{"start":{"line":88,"column":6},"end":{"line":88,"column":null}},"type":"cond-expr","locations":[{"start":{"line":88,"column":20},"end":{"line":88,"column":43}},{"start":{"line":88,"column":43},"end":{"line":88,"column":null}}],"line":88},"5":{"loc":{"start":{"line":107,"column":8},"end":{"line":107,"column":null}},"type":"cond-expr","locations":[{"start":{"line":107,"column":22},"end":{"line":107,"column":61}},{"start":{"line":107,"column":61},"end":{"line":107,"column":null}}],"line":107}},"s":{"0":1,"1":1,"2":1,"3":3,"4":0,"5":3,"6":3,"7":1,"8":1,"9":1,"10":1,"11":1,"12":1,"13":0,"14":6,"15":6,"16":2,"17":6,"18":1,"19":5,"20":1,"21":1,"22":2,"23":1,"24":1,"25":0,"26":0,"27":0,"28":1,"29":0,"30":1,"31":1,"32":1,"33":1,"34":0,"35":1,"36":1,"37":1,"38":1,"39":1},"f":{"0":1,"1":1,"2":3,"3":0,"4":3,"5":3,"6":1,"7":1,"8":1,"9":1,"10":1,"11":1,"12":0,"13":6,"14":6,"15":2,"16":1,"17":1,"18":2,"19":0,"20":0,"21":1,"22":1,"23":1,"24":1,"25":0,"26":1,"27":1,"28":1,"29":1},"b":{"0":[1,0],"1":[1,5],"2":[0,1],"3":[0,0,0],"4":[1,0],"5":[1,0]},"meta":{"lastBranch":6,"lastFunction":30,"lastStatement":40,"seen":{"s:40:13:111:Infinity":0,"f:40:44:40:45":0,"s:40:59:111:2":1,"f:43:15:43:16":1,"s:43:29:43:Infinity":2,"f:44:21:44:22":2,"s:44:34:44:Infinity":3,"f:47:16:47:17":3,"s:47:27:47:Infinity":4,"f:48:15:48:16":4,"s:48:25:50:Infinity":5,"f:48:29:48:30":5,"s:48:41:50:4":6,"f:51:18:51:19":6,"s:51:35:55:Infinity":7,"f:51:39:51:40":7,"s:51:51:55:4":8,"f:52:35:52:36":8,"s:53:6:53:Infinity":9,"b:53:20:53:43:53:43:53:Infinity":0,"f:56:18:56:19":9,"s:56:26:58:Infinity":10,"f:56:30:56:31":10,"s:56:42:58:4":11,"f:57:38:57:39":11,"s:57:45:57:56":12,"f:61:16:61:17":12,"s:61:31:61:Infinity":13,"f:65:11:65:12":13,"s:65:20:75:Infinity":14,"f:65:24:65:25":14,"s:67:21:67:Infinity":15,"f:67:41:67:42":15,"s:67:48:67:71":16,"b:68:4:70:Infinity:undefined:undefined:undefined:undefined":1,"s:68:4:70:Infinity":17,"s:69:6:69:Infinity":18,"s:71:4:74:Infinity":19,"f:76:12:76:13":16,"s:76:20:84:Infinity":20,"f:76:24:76:25":17,"s:77:20:77:Infinity":21,"f:77:42:77:43":18,"s:77:49:77:60":22,"s:78:22:78:Infinity":23,"b:79:4:82:Infinity:undefined:undefined:undefined:undefined":2,"s:79:4:82:Infinity":24,"s:80:18:80:Infinity":25,"f:80:43:80:44":19,"s:80:50:80:61":26,"s:81:6:81:Infinity":27,"b:81:20:81:40:81:40:81:64:81:64:81:Infinity":3,"s:83:4:83:Infinity":28,"f:85:16:85:17":20,"s:85:24:85:Infinity":29,"f:86:13:86:14":21,"s:86:30:90:Infinity":30,"f:86:34:86:35":22,"s:86:46:90:4":31,"f:87:33:87:34":23,"s:88:6:88:Infinity":32,"b:88:20:88:43:88:43:88:Infinity":4,"f:93:15:93:16":24,"s:93:29:93:Infinity":33,"f:96:22:96:23":25,"s:96:31:96:Infinity":34,"f:99:15:99:16":26,"s:99:25:99:Infinity":35,"f:101:16:101:17":27,"s:101:29:101:Infinity":36,"f:103:22:103:23":28,"s:104:26:104:Infinity":37,"s:105:4:109:Infinity":38,"f:106:31:106:32":29,"s:107:8:107:Infinity":39,"b:107:22:107:61:107:61:107:Infinity":5},"fnNames":{}}}
}
